2024-11-07 18:39:13 [info]: Server running at http://localhost:8080/
2024-11-07 18:39:13 [info]: Connected to the SQLite database.
2024-11-07 18:41:59 [info]: GET / login accessed
2024-11-07 18:42:01 [info]: GET / Register accessed
2024-11-07 18:43:37 [info]: Server running at http://localhost:8080/
2024-11-07 18:43:37 [info]: Connected to the SQLite database.
2024-11-07 18:44:33 [info]: Server running at http://localhost:8080/
2024-11-07 18:44:33 [info]: Connected to the SQLite database.
2024-11-07 18:44:56 [info]: Server running at http://localhost:8080/
2024-11-07 18:44:56 [info]: Connected to the SQLite database.
2024-11-07 18:45:20 [info]: Server running at http://localhost:8080/
2024-11-07 18:45:20 [info]: Connected to the SQLite database.
2024-11-07 18:46:15 [info]: GET / login accessed
2024-11-07 18:46:19 [info]: POST / accepted - Name : Arni
2024-11-07 18:46:24 [info]: GET / Register accessed
2024-11-07 18:46:31 [info]: POST / registier accepted - New student add : bob
2024-11-07 18:46:41 [info]: GET / Register accessed
2024-11-07 18:46:51 [info]: POST / registier accepted - New student add : Hjo
2024-11-07 18:47:38 [info]: Server running at http://localhost:8080/
2024-11-07 18:47:38 [info]: Connected to the SQLite database.
2024-11-07 18:56:08 [info]: Server running at http(s)://localhost:8080/
2024-11-07 18:56:08 [info]: Connected to the SQLite database.
2024-11-07 18:56:18 [info]: Server running at http(s)://localhost:8080/
2024-11-07 18:56:18 [info]: Connected to the SQLite database.
2024-11-07 18:57:11 [info]: Server running at http(s)://localhost:8080/
2024-11-07 18:57:11 [info]: Connected to the SQLite database.
2024-11-07 18:58:34 [info]: Server running at http(s)://localhost:8080/
2024-11-07 18:58:34 [info]: Connected to the SQLite database.
2024-11-07 18:59:33 [info]: No secure - Server running at http://localhost:8080/
2024-11-07 18:59:33 [info]: Secure - Server running at http(s)://localhost:8080/
2024-11-07 18:59:33 [info]: Connected to the SQLite database.
2024-11-07 18:59:42 [info]: No secure - Server running at http://localhost:8080/
2024-11-07 18:59:42 [info]: Secure - Server running at http(s)://localhost:443/
2024-11-07 18:59:42 [info]: Connected to the SQLite database.
2024-11-07 19:00:30 [info]: Secure - Server running at http(s)://localhost:443/
2024-11-07 19:00:30 [info]: Connected to the SQLite database.
2024-11-07 19:01:05 [info]: Secure - Server running at http(s)://localhost:443/
2024-11-07 19:01:05 [info]: Connected to the SQLite database.
2024-11-07 19:01:19 [info]: Secure - Server running at http(s)://localhost:8080/
2024-11-07 19:01:19 [info]: Connected to the SQLite database.
2024-11-07 19:04:23 [info]: Secure - Server running at http(s)://localhost:8080/
2024-11-07 19:04:23 [info]: Connected to the SQLite database.
2024-11-07 19:05:25 [info]: No secure - Server running at http://localhost:8080/
2024-11-07 19:05:25 [info]: Connected to the SQLite database.
2024-11-07 19:05:44 [info]: No secure - Server running at http://localhost:8080/
2024-11-07 19:05:44 [info]: Connected to the SQLite database.
2024-11-07 19:05:45 [info]: No secure - Server running at http://localhost:8080/
2024-11-07 19:05:45 [info]: Connected to the SQLite database.
2024-11-07 19:07:24 [info]: Secure - Server running at http(s)://localhost:8080/
2024-11-07 19:07:24 [info]: Connected to the SQLite database.
2024-11-07 19:07:30 [info]: Secure - Server running at http(s)://localhost:8080/
2024-11-07 19:07:30 [info]: Connected to the SQLite database.
2024-11-07 19:08:21 [info]: Secure HTTP- Server running at http(s)://localhost:8080/
2024-11-07 19:08:21 [info]: Connected to the SQLite database.
2024-11-07 19:08:24 [info]: Secure HTTP - Server running at http(s)://localhost:8080/
2024-11-07 19:08:24 [info]: Connected to the SQLite database.
2024-11-07 19:15:45 [info]: Secure HTTP - Server running at http(s)://localhost:8080/
2024-11-07 19:15:45 [info]: Connected to the SQLite database.
2024-11-07 19:17:01 [info]: GET / Register accessed
2024-11-07 19:17:08 [info]: POST / registier accepted - New student add : Fanney
