2024-10-24 18:37:48 [info]: Server running at http://localhost:8080/
2024-10-24 18:37:48 [info]: Connected to the SQLite database.
2024-10-24 18:37:57 [info]: Index logging - Name: Guest
2024-10-24 18:38:09 [info]: Index logging - Name: Guest
2024-10-24 18:38:25 [info]: Server running at http://localhost:8080/
2024-10-24 18:38:25 [info]: Connected to the SQLite database.
2024-10-24 18:38:34 [info]: Index logging - Name: Guest
2024-10-24 18:39:02 [info]: Index logging - Name: Guest
2024-10-24 18:39:31 [info]: Index logging - Name: Guest
2024-10-24 18:40:57 [info]: Server running at http://localhost:8080/
2024-10-24 18:40:57 [info]: Connected to the SQLite database.
2024-10-24 18:43:29 [info]: GET / login accessed
2024-10-24 18:43:36 [info]: POST / accepted - Name : Arni
2024-10-24 18:43:39 [info]: Head Teacher - Dashboard - Name: Arni
2024-10-24 18:43:43 [info]: Head Teacher - Dashboard - Name: Arni
2024-10-24 18:43:45 [info]: Head Teacher - Dashboard - Name: Arni
2024-10-24 18:43:48 [info]: GET / login accessed
2024-10-24 18:43:57 [info]: POST / accepted - Name : anna
2024-10-24 18:44:01 [info]: Teacher - Dashboard - Name: anna
2024-10-24 18:44:04 [info]: Teacher - Dashboard - Name: anna
2024-10-24 18:44:07 [info]: GET / login accessed
2024-10-24 18:44:15 [info]: POST / accepted - Name : robert
2024-10-24 18:44:17 [info]: Student - Dashboard - Name: robert
2024-10-24 18:44:19 [info]: Student - Dashboard - Name: robert
2024-10-24 18:44:35 [info]: GET / Register accessed
2024-10-24 18:44:49 [info]: POST / registier accepted - New username : jon
2024-10-24 18:45:00 [info]: GET / login accessed
2024-10-24 18:45:07 [info]: POST / accepted - Name : jon
2024-10-24 18:45:14 [info]: GET / Register accessed
2024-10-24 18:45:16 [info]: GET / login accessed
2024-10-24 18:50:53 [info]: Server running at http://localhost:8080/
2024-10-24 18:50:53 [info]: Connected to the SQLite database.
2024-10-24 18:52:16 [info]: GET / login accessed
2024-10-24 18:52:23 [info]: POST / accepted - Name : Arni
2024-10-24 18:52:25 [info]: Head Teacher - Dashboard - Name: Arni
2024-10-24 18:52:28 [info]: Head Teacher - Dashboard - Name: Arni
2024-10-24 18:53:12 [info]: Head Teacher - Dashboard - Name: Arni
2024-10-24 18:53:13 [info]: Head Teacher - Dashboard - Name: Arni
2024-10-24 18:53:14 [info]: Head Teacher - Dashboard - Name: Arni
2024-10-24 18:53:40 [info]: Server running at http://localhost:8080/
2024-10-24 18:53:40 [info]: Connected to the SQLite database.
2024-10-24 18:53:41 [info]: Head Teacher - Dashboard - Name: 
2024-10-24 18:53:43 [info]: GET / login accessed
2024-10-24 18:53:47 [info]: POST / accepted - Name : Arni
2024-10-24 18:53:48 [info]: Head Teacher - Dashboard - Name: Arni
2024-10-24 18:53:50 [info]: Head Teacher - Dashboard - Name: Arni
2024-10-24 18:53:51 [info]: Head Teacher - Dashboard - Name: Arni
2024-10-24 18:53:51 [info]: Head Teacher - Dashboard - Name: Arni
2024-10-24 18:53:56 [info]: Server running at http://localhost:8080/
2024-10-24 18:53:56 [info]: Connected to the SQLite database.
2024-10-24 18:53:58 [info]: Head Teacher - Dashboard - Name: 
2024-10-24 18:54:00 [info]: GET / login accessed
2024-10-24 18:54:04 [info]: POST / accepted - Name : Arni
2024-10-24 18:54:05 [info]: Head Teacher - Dashboard - Name: Arni
2024-10-24 18:54:10 [info]: Server running at http://localhost:8080/
2024-10-24 18:54:10 [info]: Connected to the SQLite database.
2024-10-24 18:54:25 [info]: Head Teacher - Dashboard - Name: 
2024-10-24 18:54:27 [info]: GET / login accessed
2024-10-24 18:54:31 [info]: POST / accepted - Name : Arni
2024-10-24 18:54:32 [info]: GET / Register accessed
2024-10-24 18:54:39 [info]: Head Teacher - Dashboard - Name: Arni
2024-10-24 18:54:40 [info]: GET / Register accessed
2024-10-24 18:54:41 [info]: Head Teacher - Dashboard - Name: Arni
2024-10-24 18:54:45 [info]: GET / Register accessed
2024-10-24 18:54:46 [info]: Head Teacher - Dashboard - Name: Arni
2024-10-24 18:54:47 [info]: Head Teacher - Dashboard - Name: Arni
2024-10-24 18:57:05 [info]: Server running at http://localhost:8080/
2024-10-24 18:57:05 [info]: Connected to the SQLite database.
2024-10-24 18:57:08 [info]: GET / login accessed
2024-10-24 18:57:14 [info]: GET / Register accessed
2024-10-24 18:57:21 [info]: POST / registier accepted - New student add : jon
2024-10-24 18:57:26 [info]: GET / login accessed
2024-10-24 18:57:34 [info]: POST / accepted - Name : jon
2024-10-24 18:57:41 [info]: Student - Dashboard - Name: jon
2024-10-24 18:57:41 [info]: Student - Dashboard - Name: jon
2024-10-24 18:57:44 [info]: GET / login accessed
2024-10-24 18:57:49 [info]: POST / accepted - Name : Arni
2024-10-24 18:57:51 [info]: GET / Register accessed
2024-10-24 18:58:07 [info]: POST / registier accepted - New teacher add : maria
2024-10-24 18:58:14 [info]: GET / login accessed
2024-10-24 18:58:22 [info]: POST / accepted - Name : maria
2024-10-24 18:58:23 [info]: Teacher - Dashboard - Name: maria
2024-10-24 19:01:01 [info]: GET / login accessed
2024-10-24 19:01:05 [info]: GET / Register accessed
2024-10-24 19:01:06 [info]: GET / login accessed
2024-10-24 19:01:10 [warn]: POST / login rejected
2024-10-24 19:01:10 [info]: GET / login accessed
2024-10-24 19:01:20 [info]: GET / Register accessed
2024-10-24 19:01:23 [warn]: POST / registier - password weaks!!
2024-10-24 19:01:33 [warn]: POST / registier - password weaks!!
2024-10-24 19:11:19 [info]: Server running at http://localhost:8080/
2024-10-24 19:11:19 [info]: Connected to the SQLite database.
2024-10-24 19:11:59 [info]: Server running at http://localhost:8080/
2024-10-24 19:11:59 [info]: Connected to the SQLite database.
2024-10-24 19:14:41 [info]: Server running at http://localhost:8080/
2024-10-24 19:14:41 [info]: Connected to the SQLite database.
2024-10-24 19:16:25 [info]: Server running at http://localhost:8080/
2024-10-24 19:16:25 [info]: Connected to the SQLite database.
2024-10-24 19:16:32 [info]: GET / login accessed
2024-10-24 19:18:19 [info]: Server running at http://localhost:8080/
2024-10-24 19:18:19 [info]: Connected to the SQLite database.
2024-10-24 19:20:55 [info]: GET / login accessed
2024-10-24 19:21:13 [info]: GET / login accessed
