2024-10-26 11:05:58 [info]: Server running at http://localhost:8080/
2024-10-26 11:05:58 [info]: Connected to the SQLite database.
2024-10-26 11:06:17 [info]: GET / login accessed
2024-10-26 11:13:23 [info]: Server running at http://localhost:8080/
2024-10-26 11:13:23 [info]: Connected to the SQLite database.
2024-10-26 11:13:28 [info]: GET / login accessed
2024-10-26 11:17:37 [info]: Server running at http://localhost:8080/
2024-10-26 11:17:37 [info]: Connected to the SQLite database.
2024-10-26 11:19:52 [info]: Server running at http://localhost:8080/
2024-10-26 11:19:52 [info]: Connected to the SQLite database.
2024-10-26 11:19:54 [info]: GET / login accessed
2024-10-26 11:20:22 [info]: Server running at http://localhost:8080/
2024-10-26 11:20:22 [info]: Connected to the SQLite database.
2024-10-26 11:20:26 [info]: GET / login accessed
2024-10-26 11:29:42 [info]: Server running at http://localhost:8080/
2024-10-26 11:29:42 [info]: Connected to the SQLite database.
2024-10-26 11:29:46 [info]: GET / login accessed
2024-10-26 11:33:55 [info]: Server running at http://localhost:8080/
2024-10-26 11:33:55 [info]: Connected to the SQLite database.
2024-10-26 11:34:57 [info]: GET / login accessed
2024-10-26 11:35:31 [info]: Server running at http://localhost:8080/
2024-10-26 11:35:31 [info]: Connected to the SQLite database.
2024-10-26 11:36:28 [info]: Server running at http://localhost:8080/
2024-10-26 11:36:28 [info]: Connected to the SQLite database.
2024-10-26 11:41:23 [info]: Server running at http://localhost:8080/
2024-10-26 11:41:23 [info]: Connected to the SQLite database.
2024-10-26 11:41:31 [info]: GET / login accessed
2024-10-26 11:41:32 [info]: GET / Register accessed
2024-10-26 11:41:37 [info]: GET / login accessed
2024-10-26 11:41:53 [info]: Server running at http://localhost:8080/
2024-10-26 11:41:53 [info]: Connected to the SQLite database.
2024-10-26 11:46:54 [info]: Server running at http://localhost:8080/
2024-10-26 11:46:54 [info]: Connected to the SQLite database.
2024-10-26 11:47:38 [info]: Server running at http://localhost:8080/
2024-10-26 11:47:38 [info]: Connected to the SQLite database.
2024-10-26 11:47:42 [info]: GET / login accessed
2024-10-26 11:48:03 [info]: GET / login accessed
2024-10-26 11:51:44 [info]: Server running at http://localhost:8080/
2024-10-26 11:51:44 [info]: Connected to the SQLite database.
2024-10-26 11:52:52 [info]: Server running at http://localhost:8080/
2024-10-26 11:52:52 [info]: Connected to the SQLite database.
2024-10-26 11:53:10 [info]: Server running at http://localhost:8080/
2024-10-26 11:53:10 [info]: Connected to the SQLite database.
2024-10-26 11:53:45 [info]: Server running at http://localhost:8080/
2024-10-26 11:53:45 [info]: Connected to the SQLite database.
2024-10-26 11:54:14 [info]: Server running at http://localhost:8080/
2024-10-26 11:54:14 [info]: Connected to the SQLite database.
2024-10-26 11:54:56 [info]: Server running at http://localhost:8080/
2024-10-26 11:54:56 [info]: Connected to the SQLite database.
2024-10-26 11:55:01 [info]: GET / login accessed
2024-10-26 11:55:06 [info]: POST / accepted - Name : Arni
2024-10-26 11:55:34 [info]: Server running at http://localhost:8080/
2024-10-26 11:55:34 [info]: Connected to the SQLite database.
2024-10-26 11:55:35 [info]: GET / login accessed
2024-10-26 11:55:40 [info]: POST / accepted - Name : Arni
2024-10-26 11:55:51 [info]: Server running at http://localhost:8080/
2024-10-26 11:55:51 [info]: Connected to the SQLite database.
2024-10-26 11:55:52 [info]: GET / login accessed
2024-10-26 11:55:57 [info]: POST / accepted - Name : Arni
2024-10-26 11:56:02 [info]: Head Teacher - Dashboard - Name: Arni
2024-10-26 11:56:03 [info]: GET / Register accessed
2024-10-26 11:56:04 [info]: Head Teacher - Dashboard - Name: Arni
2024-10-26 11:56:07 [info]: GET / login accessed
2024-10-26 11:56:13 [info]: POST / accepted - Name : anna
2024-10-26 11:56:17 [info]: GET / login accessed
2024-10-26 11:56:22 [info]: POST / accepted - Name : robert
2024-10-26 11:56:25 [info]: Student - Dashboard - Name: robert
